c:\projects\cry\x64\debug\engine.pdb
c:\projects\cry\x64\debug\engine.idb
c:\projects\cry\engine\x64\debug\crd11constantbuffer.obj
c:\projects\cry\engine\x64\debug\crd11compiledshader.obj
c:\projects\cry\engine\x64\debug\crrhi.obj
c:\projects\cry\engine\x64\debug\crobject.obj
c:\projects\cry\engine\x64\debug\cractor.obj
c:\projects\cry\engine\x64\debug\crcamera.obj
c:\projects\cry\engine\x64\debug\crinputprocessorcamera.obj
c:\projects\cry\engine\x64\debug\crvertex.obj
c:\projects\cry\engine\x64\debug\crtransform.obj
c:\projects\cry\engine\x64\debug\icrasset.obj
c:\projects\cry\engine\x64\debug\crprimitiveasset.obj
c:\projects\cry\engine\x64\debug\imgui_widgets.obj
c:\projects\cry\engine\x64\debug\imgui_tables.obj
c:\projects\cry\engine\x64\debug\imgui_impl_win32.obj
c:\projects\cry\engine\x64\debug\imgui_impl_dx12.obj
c:\projects\cry\engine\x64\debug\imgui_impl_dx11.obj
c:\projects\cry\engine\x64\debug\imgui_draw.obj
c:\projects\cry\engine\x64\debug\imgui_demo.obj
c:\projects\cry\engine\x64\debug\imgui.obj
c:\projects\cry\engine\x64\debug\engine.obj
c:\projects\cry\engine\x64\debug\crd11resourcemanager.obj
c:\projects\cry\engine\x64\debug\crd11renderingpipeline.obj
c:\projects\cry\engine\x64\debug\crd11renderer.obj
c:\projects\cry\engine\x64\debug\crd11mesh.obj
c:\projects\cry\engine\x64\debug\crd11depthstencilbuffer.obj
c:\projects\cry\engine\x64\debug\crd11bindingconstantbuffer.obj
c:\projects\cry\engine\x64\debug\crd11.obj
c:\projects\cry\engine\x64\debug\crd11vertexshader.obj
c:\projects\cry\engine\x64\debug\crd11vertexbuffer.obj
c:\projects\cry\engine\x64\debug\crd11texture2d.obj
c:\projects\cry\engine\x64\debug\crd11shaderresourceview.obj
c:\projects\cry\engine\x64\debug\crd11samplerstate.obj
c:\projects\cry\engine\x64\debug\crd11rendertargetview.obj
c:\projects\cry\engine\x64\debug\crd11rasterizerstate.obj
c:\projects\cry\engine\x64\debug\crd11pixelshader.obj
c:\projects\cry\engine\x64\debug\crd11inputlayout.obj
c:\projects\cry\engine\x64\debug\crd11indexbuffer.obj
c:\projects\cry\engine\x64\debug\crd11device.obj
c:\projects\cry\engine\x64\debug\crd11depthstencilview.obj
c:\projects\cry\engine\x64\debug\crd11depthstencilstate.obj
c:\projects\cry\engine\x64\debug\crwictextureloader.obj
c:\projects\cry\engine\x64\debug\utilstring.obj
c:\projects\cry\engine\x64\debug\crtime.obj
c:\projects\cry\engine\x64\debug\crframeupdator.obj
c:\projects\cry\engine\x64\debug\crlog.obj
c:\projects\cry\engine\x64\debug\crgeneric.obj
c:\projects\cry\engine\x64\debug\crfbxloader.obj
c:\projects\cry\engine\x64\debug\cruimanager.obj
c:\projects\cry\engine\x64\debug\crlogui.obj
c:\projects\cry\engine\x64\debug\creditorui.obj
c:\projects\cry\engine\x64\debug\crcameraui.obj
c:\projects\cry\engine\x64\debug\crd11shaderresourcetexture.obj
c:\projects\cry\x64\debug\engine.lib
c:\projects\cry\x64/debug/engine.pdb
c:\projects\cry\engine\x64\debug\engine.tlog\cl.command.1.tlog
c:\projects\cry\engine\x64\debug\engine.tlog\cl.items.tlog
c:\projects\cry\engine\x64\debug\engine.tlog\cl.read.1.tlog
c:\projects\cry\engine\x64\debug\engine.tlog\cl.write.1.tlog
c:\projects\cry\engine\x64\debug\engine.tlog\lib-link.read.1.tlog
c:\projects\cry\engine\x64\debug\engine.tlog\lib-link.write.1.tlog
c:\projects\cry\engine\x64\debug\engine.tlog\lib.command.1.tlog
